#
# A fatal error has been detected by the Java Runtime Environment:
#
#  SIGBUS (0xa) at pc=0x0000000105565eb9, pid=6070, tid=5383
#
# JRE version: Java(TM) SE Runtime Environment (8.0_25-b17) (build 1.8.0_25-b17)
# Java VM: Java HotSpot(TM) 64-Bit Server VM (25.25-b02 mixed mode bsd-amd64 compressed oops)
# Problematic frame:
# C  [libzip.dylib+0x2eb9]  newEntry+0x154
#
# Failed to write core dump. Core dumps have been disabled. To enable core dumping, try "ulimit -c unlimited" before starting Java again
#
# If you would like to submit a bug report, please visit:
#   http://bugreport.sun.com/bugreport/crash.jsp
# The crash happened outside the Java Virtual Machine in native code.
# See problematic frame for where to report the bug.
#

---------------  T H R E A D  ---------------

Current thread (0x00007fe671800800):  JavaThread "main" [_thread_in_native, id=5383, stack(0x0000000105415000,0x0000000105515000)]

siginfo: si_signo: 10 (SIGBUS), si_code: 2 (BUS_ADRERR), si_addr: 0x000000019b93218a

Registers:
RAX=0x00007fe670d1bd10, RBX=0x000000019b93217e, RCX=0x0000000000000001, RDX=0x0000000000000108
RSP=0x0000000105514540, RBP=0x00000001055145a0, RSI=0x00007fe670f00000, RDI=0x0000000104418400
R8 =0x0000000000000004, R9 =0x00000000ffff8000, R10=0x0000000105581668, R11=0x00000001049ab19b
R12=0x0000000000000000, R13=0x000000019774d420, R14=0x00007fe670d1bd10, R15=0x00007fe671800800
RIP=0x0000000105565eb9, EFLAGS=0x0000000000010206, ERR=0x0000000000000004
  TRAPNO=0x000000000000000e

Top of Stack: (sp=0x0000000105514540)
0x0000000105514540:   7972617262694c2f 0000000100000000
0x0000000105514550:   0000000000000000 cafebabecafebabe
0x0000000105514560:   0000000105514580 00007fe670d1bd10
0x0000000105514570:   00007fe670f1f2a0 0000000000000001
0x0000000105514580:   0000000000000000 000000019774d420
0x0000000105514590:   00007fe670d1bd10 00007fe671800800
0x00000001055145a0:   00000001055145c0 0000000105566468
0x00000001055145b0:   000000019774d420 0000000105514670
0x00000001055145c0:   00000001055145d0 000000010556526e
0x00000001055145d0:   0000000105514640 0000000105581694
0x00000001055145e0:   000000013fc4db18 00000001055146d8
0x00000001055145f0:   0000000105514688 0000000197723b80
0x0000000105514600:   0000000105514600 0000000000000000
0x0000000105514610:   0000000105514670 000000019774eca8
0x0000000105514620:   0000000000000000 000000019774d420
0x0000000105514630:   0000000000000000 0000000105514660
0x0000000105514640:   00000001055146b8 00000001055734a0
0x0000000105514650:   000000013f75ef00 000000010557b2b7
0x0000000105514660:   0000000000000001 00007fe670d1bd10
0x0000000105514670:   0000000105514688 0000000105514678
0x0000000105514680:   000000019774e4f2 00000001055146d8
0x0000000105514690:   000000019774eca8 0000000000000000
0x00000001055146a0:   000000019774e500 0000000105514660
0x00000001055146b0:   00000001055146c8 0000000105514730
0x00000001055146c0:   00000001055734a0 0000000000000001
0x00000001055146d0:   00007fe670d1bd10 000000013f7fcc38
0x00000001055146e0:   0000000000000001 000000013f7fcc38
0x00000001055146f0:   00000001055146e0 00000001977f4cce
0x0000000105514700:   0000000105514768 00000001977f4f50
0x0000000105514710:   0000000000000000 00000001977f4d98
0x0000000105514720:   00000001055146c8 0000000105514768
0x0000000105514730:   00000001055147b0 0000000105573710 

Instructions: (pc=0x0000000105565eb9)
0x0000000105565e99:   49 8b 7f 38 e8 50 1b 00 00 4d 89 77 38 49 89 5f
0x0000000105565ea9:   40 4c 89 f0 48 85 c0 0f 84 11 05 00 00 48 89 c3
0x0000000105565eb9:   0f b6 43 0c 0f b6 4b 0d 48 c1 e1 08 48 01 c1 0f
0x0000000105565ec9:   b6 43 0e 0f b6 53 0f 48 c1 e2 08 48 01 c2 48 c1 

Register to memory mapping:

RAX=0x00007fe670d1bd10 is an unknown value
RBX=0x000000019b93217e is an unknown value
RCX=0x0000000000000001 is an unknown value
RDX=0x0000000000000108 is an unknown value
RSP=0x0000000105514540 is pointing into the stack for thread: 0x00007fe671800800
RBP=0x00000001055145a0 is pointing into the stack for thread: 0x00007fe671800800
RSI=0x00007fe670f00000 is an unknown value
RDI=0x0000000104418400 is an unknown value
R8 =0x0000000000000004 is an unknown value
R9 =0x00000000ffff8000 is an unknown value
R10=0x0000000105581668 is at code_begin+808 in an Interpreter codelet
method entry point (kind = native)  [0x0000000105581340, 0x0000000105581c40]  2304 bytes
R11=0x00000001049ab19b: throw_unsatisfied_link_error+0 in /Library/Java/JavaVirtualMachines/jdk1.8.0_25.jdk/Contents/Home/jre/lib/server/libjvm.dylib at 0x00000001044f8000
R12=0x0000000000000000 is an unknown value
R13={method} {0x000000019774d420} 'getNextEntry' '(JI)J' in 'java/util/zip/ZipFile'
R14=0x00007fe670d1bd10 is an unknown value
R15=0x00007fe671800800 is a thread


Stack: [0x0000000105415000,0x0000000105515000],  sp=0x0000000105514540,  free space=1021k
Native frames: (J=compiled Java code, j=interpreted, Vv=VM code, C=native code)
C  [libzip.dylib+0x2eb9]  newEntry+0x154
C  [libzip.dylib+0x3468]  ZIP_GetNextEntry+0x37
C  [libzip.dylib+0x226e]  Java_java_util_zip_ZipFile_getNextEntry+0xe
j  java.util.zip.ZipFile.getNextEntry(JI)J+0
j  java.util.zip.ZipFile.access$500(JI)J+2
j  java.util.zip.ZipFile$ZipEntryIterator.next()Ljava/util/zip/ZipEntry;+54
j  java.util.zip.ZipFile$ZipEntryIterator.nextElement()Ljava/util/zip/ZipEntry;+1
j  java.util.zip.ZipFile$ZipEntryIterator.nextElement()Ljava/lang/Object;+1
j  com.android.multidex.ClassReferenceListBuilder.addRoots(Ljava/util/zip/ZipFile;)V+85
j  com.android.multidex.ClassReferenceListBuilder.main([Ljava/lang/String;)V+102
v  ~StubRoutines::call_stub
V  [libjvm.dylib+0x2d4516]  JavaCalls::call_helper(JavaValue*, methodHandle*, JavaCallArguments*, Thread*)+0x6ae
V  [libjvm.dylib+0x30958b]  jni_invoke_static(JNIEnv_*, JavaValue*, _jobject*, JNICallType, _jmethodID*, JNI_ArgumentPusher*, Thread*)+0x1bf
V  [libjvm.dylib+0x302785]  jni_CallStaticVoidMethod+0x15d
C  [java+0x2c82]  JavaMain+0x998
C  [libsystem_pthread.dylib+0x32fc]  _pthread_body+0x83
C  [libsystem_pthread.dylib+0x3279]  _pthread_body+0x0
C  [libsystem_pthread.dylib+0x14b1]  thread_start+0xd
C  0x0000000000000000

Java frames: (J=compiled Java code, j=interpreted, Vv=VM code)
j  java.util.zip.ZipFile.getNextEntry(JI)J+0
j  java.util.zip.ZipFile.access$500(JI)J+2
j  java.util.zip.ZipFile$ZipEntryIterator.next()Ljava/util/zip/ZipEntry;+54
j  java.util.zip.ZipFile$ZipEntryIterator.nextElement()Ljava/util/zip/ZipEntry;+1
j  java.util.zip.ZipFile$ZipEntryIterator.nextElement()Ljava/lang/Object;+1
j  com.android.multidex.ClassReferenceListBuilder.addRoots(Ljava/util/zip/ZipFile;)V+85
j  com.android.multidex.ClassReferenceListBuilder.main([Ljava/lang/String;)V+102
v  ~StubRoutines::call_stub

---------------  P R O C E S S  ---------------

Java Threads: ( => current thread )
  0x00007fe672006000 JavaThread "Service Thread" daemon [_thread_blocked, id=18179, stack(0x000000019b6eb000,0x000000019b7eb000)]
  0x00007fe67183f800 JavaThread "C1 CompilerThread2" daemon [_thread_blocked, id=17667, stack(0x000000019b5e8000,0x000000019b6e8000)]
  0x00007fe671815000 JavaThread "C2 CompilerThread1" daemon [_thread_blocked, id=17155, stack(0x000000019b4e5000,0x000000019b5e5000)]
  0x00007fe672829800 JavaThread "C2 CompilerThread0" daemon [_thread_blocked, id=16643, stack(0x000000019b3e2000,0x000000019b4e2000)]
  0x00007fe671811000 JavaThread "Signal Dispatcher" daemon [_thread_blocked, id=16155, stack(0x000000019b2df000,0x000000019b3df000)]
  0x00007fe67100f800 JavaThread "Finalizer" daemon [_thread_blocked, id=11011, stack(0x0000000199999000,0x0000000199a99000)]
  0x00007fe67180b800 JavaThread "Reference Handler" daemon [_thread_blocked, id=10499, stack(0x0000000199896000,0x0000000199996000)]
=>0x00007fe671800800 JavaThread "main" [_thread_in_native, id=5383, stack(0x0000000105415000,0x0000000105515000)]

Other Threads:
  0x00007fe67281c800 VMThread [stack: 0x0000000199793000,0x0000000199893000] [id=9987]
  0x00007fe671039000 WatcherThread [stack: 0x000000019b7ee000,0x000000019b8ee000] [id=18691]

VM state:not at safepoint (normal execution)

VM Mutex/Monitor currently owned by a thread: None

Heap:
 PSYoungGen      total 76288K, used 6553K [0x000000013f700000, 0x0000000144c00000, 0x0000000154c00000)
  eden space 65536K, 10% used [0x000000013f700000,0x000000013fd667c0,0x0000000143700000)
  from space 10752K, 0% used [0x0000000144180000,0x0000000144180000,0x0000000144c00000)
  to   space 10752K, 0% used [0x0000000143700000,0x0000000143700000,0x0000000144180000)
 ParOldGen       total 175104K, used 0K [0x0000000114c00000, 0x000000011f700000, 0x000000013f700000)
  object space 175104K, 0% used [0x0000000114c00000,0x0000000114c00000,0x000000011f700000)
 Metaspace       used 3384K, capacity 4888K, committed 5120K, reserved 1056768K
  class space    used 369K, capacity 456K, committed 512K, reserved 1048576K

Card table byte_map: [0x0000000154c00000,0x0000000154e01000] byte_map_base: 0x000000015435a000

Marking Bits: (ParMarkBitMap*) 0x0000000104d95390
 Begin Bits: [0x0000000155363000, 0x0000000156363000)
 End Bits:   [0x0000000156363000, 0x0000000157363000)

Polling page: 0x0000000105559000

CodeCache: size=245760Kb used=1452Kb max_used=1456Kb free=244307Kb
 bounds [0x000000010556c000, 0x00000001057dc000, 0x000000011456c000]
 total_blobs=437 nmethods=193 adapters=159
 compilation: enabled

Compilation events (10 events):
Event: 0.249 Thread 0x00007fe67183f800 nmethod 188 0x00000001056d05d0 code [0x00000001056d0740, 0x00000001056d08d0]
Event: 0.249 Thread 0x00007fe67183f800  189       3       java.util.WeakHashMap::hash (28 bytes)
Event: 0.249 Thread 0x00007fe67183f800 nmethod 189 0x00000001056cff50 code [0x00000001056d00c0, 0x00000001056d0308]
Event: 0.250 Thread 0x00007fe67183f800  190   !   3       java.util.zip.Inflater::inflate (113 bytes)
Event: 0.251 Thread 0x00007fe672829800 nmethod 187 0x00000001056d8350 code [0x00000001056d84a0, 0x00000001056d8648]
Event: 0.251 Thread 0x00007fe67183f800 nmethod 190 0x00000001056d77d0 code [0x00000001056d7980, 0x00000001056d8018]
Event: 0.253 Thread 0x00007fe67183f800  192       3       java.lang.String::concat (47 bytes)
Event: 0.253 Thread 0x00007fe67183f800 nmethod 192 0x00000001056d6ad0 code [0x00000001056d6ca0, 0x00000001056d7458]
Event: 0.253 Thread 0x00007fe67183f800  193       3       java.lang.String::getChars (16 bytes)
Event: 0.253 Thread 0x00007fe67183f800 nmethod 193 0x00000001056d6690 code [0x00000001056d6800, 0x00000001056d6a08]

GC Heap History (0 events):
No events

Deoptimization events (0 events):
No events

Internal exceptions (10 events):
Event: 0.249 Thread 0x00007fe671800800 Exception <a 'java/security/PrivilegedActionException'> (0x000000013fc242d0) thrown at [/HUDSON3/workspace/8-2-build-macosx-x86_64/jdk8u25/1514/hotspot/src/share/vm/prims/jvm.cpp, line 1312]
Event: 0.249 Thread 0x00007fe671800800 Exception <a 'java/security/PrivilegedActionException'> (0x000000013fc28678) thrown at [/HUDSON3/workspace/8-2-build-macosx-x86_64/jdk8u25/1514/hotspot/src/share/vm/prims/jvm.cpp, line 1312]
Event: 0.250 Thread 0x00007fe671800800 Exception <a 'java/security/PrivilegedActionException'> (0x000000013fc2c2d8) thrown at [/HUDSON3/workspace/8-2-build-macosx-x86_64/jdk8u25/1514/hotspot/src/share/vm/prims/jvm.cpp, line 1312]
Event: 0.250 Thread 0x00007fe671800800 Exception <a 'java/security/PrivilegedActionException'> (0x000000013fc30730) thrown at [/HUDSON3/workspace/8-2-build-macosx-x86_64/jdk8u25/1514/hotspot/src/share/vm/prims/jvm.cpp, line 1312]
Event: 0.251 Thread 0x00007fe671800800 Exception <a 'java/security/PrivilegedActionException'> (0x000000013fc364d0) thrown at [/HUDSON3/workspace/8-2-build-macosx-x86_64/jdk8u25/1514/hotspot/src/share/vm/prims/jvm.cpp, line 1312]
Event: 0.252 Thread 0x00007fe671800800 Exception <a 'java/security/PrivilegedActionException'> (0x000000013fc3c778) thrown at [/HUDSON3/workspace/8-2-build-macosx-x86_64/jdk8u25/1514/hotspot/src/share/vm/prims/jvm.cpp, line 1312]
Event: 0.252 Thread 0x00007fe671800800 Exception <a 'java/security/PrivilegedActionException'> (0x000000013fc3fe20) thrown at [/HUDSON3/workspace/8-2-build-macosx-x86_64/jdk8u25/1514/hotspot/src/share/vm/prims/jvm.cpp, line 1312]
Event: 0.252 Thread 0x00007fe671800800 Exception <a 'java/security/PrivilegedActionException'> (0x000000013fc43518) thrown at [/HUDSON3/workspace/8-2-build-macosx-x86_64/jdk8u25/1514/hotspot/src/share/vm/prims/jvm.cpp, line 1312]
Event: 0.253 Thread 0x00007fe671800800 Exception <a 'java/security/PrivilegedActionException'> (0x000000013fc47378) thrown at [/HUDSON3/workspace/8-2-build-macosx-x86_64/jdk8u25/1514/hotspot/src/share/vm/prims/jvm.cpp, line 1312]
Event: 0.253 Thread 0x00007fe671800800 Exception <a 'java/security/PrivilegedActionException'> (0x000000013fc4b370) thrown at [/HUDSON3/workspace/8-2-build-macosx-x86_64/jdk8u25/1514/hotspot/src/share/vm/prims/jvm.cpp, line 1312]

Events (10 events):
Event: 0.252 loading class com/android/dx/cf/attrib/AttSignature
Event: 0.252 loading class com/android/dx/cf/attrib/AttSignature done
Event: 0.252 loading class com/android/dx/cf/attrib/AttSourceFile
Event: 0.252 loading class com/android/dx/cf/attrib/AttSourceFile done
Event: 0.252 loading class com/android/dx/cf/attrib/InnerClassList
Event: 0.252 loading class com/android/dx/cf/attrib/InnerClassList done
Event: 0.253 loading class com/android/dx/cf/attrib/InnerClassList$Item
Event: 0.253 loading class com/android/dx/cf/attrib/InnerClassList$Item done
Event: 0.253 loading class com/android/dx/cf/attrib/AttInnerClasses
Event: 0.253 loading class com/android/dx/cf/attrib/AttInnerClasses done


Dynamic libraries:
0x000000000c91d000 	/System/Library/Frameworks/Cocoa.framework/Versions/A/Cocoa
0x000000000c91d000 	/System/Library/Frameworks/Security.framework/Versions/A/Security
0x000000000c91d000 	/System/Library/Frameworks/ApplicationServices.framework/Versions/A/ApplicationServices
0x000000000c91d000 	/usr/lib/libz.1.dylib
0x000000000c91d000 	/usr/lib/libSystem.B.dylib
0x000000000c91d000 	/usr/lib/libobjc.A.dylib
0x000000000c91d000 	/System/Library/Frameworks/CoreFoundation.framework/Versions/A/CoreFoundation
0x000000000c91d000 	/System/Library/Frameworks/Foundation.framework/Versions/C/Foundation
0x000000000c91d000 	/System/Library/Frameworks/AppKit.framework/Versions/C/AppKit
0x000000000c91d000 	/System/Library/Frameworks/CoreData.framework/Versions/A/CoreData
0x000000000c91d000 	/System/Library/PrivateFrameworks/RemoteViewServices.framework/Versions/A/RemoteViewServices
0x000000000c91d000 	/System/Library/PrivateFrameworks/UIFoundation.framework/Versions/A/UIFoundation
0x000000000c91d000 	/System/Library/Frameworks/IOSurface.framework/Versions/A/IOSurface
0x000000000c91d000 	/System/Library/Frameworks/AudioToolbox.framework/Versions/A/AudioToolbox
0x000000000c91d000 	/System/Library/Frameworks/AudioUnit.framework/Versions/A/AudioUnit
0x000000000c91d000 	/System/Library/PrivateFrameworks/DataDetectorsCore.framework/Versions/A/DataDetectorsCore
0x000000000c91d000 	/System/Library/PrivateFrameworks/DesktopServicesPriv.framework/Versions/A/DesktopServicesPriv
0x000000000c91d000 	/System/Library/Frameworks/Carbon.framework/Versions/A/Frameworks/HIToolbox.framework/Versions/A/HIToolbox
0x000000000c91d000 	/System/Library/Frameworks/QuartzCore.framework/Versions/A/QuartzCore
0x000000000c91d000 	/System/Library/Frameworks/Carbon.framework/Versions/A/Frameworks/SpeechRecognition.framework/Versions/A/SpeechRecognition
0x000000000c91d000 	/usr/lib/libauto.dylib
0x000000000c91d000 	/usr/lib/libicucore.A.dylib
0x000000000c91d000 	/usr/lib/libxml2.2.dylib
0x000000000c91d000 	/System/Library/PrivateFrameworks/CoreUI.framework/Versions/A/CoreUI
0x000000000c91d000 	/System/Library/Frameworks/CoreAudio.framework/Versions/A/CoreAudio
0x000000000c91d000 	/System/Library/Frameworks/DiskArbitration.framework/Versions/A/DiskArbitration
0x000000000c91d000 	/usr/lib/liblangid.dylib
0x000000000c91d000 	/System/Library/PrivateFrameworks/MultitouchSupport.framework/Versions/A/MultitouchSupport
0x000000000c91d000 	/System/Library/Frameworks/IOKit.framework/Versions/A/IOKit
0x000000000c91d000 	/usr/lib/libDiagnosticMessagesClient.dylib
0x000000000c91d000 	/System/Library/Frameworks/CoreServices.framework/Versions/A/CoreServices
0x000000000c91d000 	/System/Library/PrivateFrameworks/PerformanceAnalysis.framework/Versions/A/PerformanceAnalysis
0x000000000c91d000 	/System/Library/PrivateFrameworks/GenerationalStorage.framework/Versions/A/GenerationalStorage
0x000000000c91d000 	/System/Library/Frameworks/OpenGL.framework/Versions/A/OpenGL
0x000000000c91d000 	/System/Library/PrivateFrameworks/Sharing.framework/Versions/A/Sharing
0x000000000c91d000 	/System/Library/Frameworks/CoreGraphics.framework/Versions/A/CoreGraphics
0x000000000c91d000 	/System/Library/Frameworks/CoreText.framework/Versions/A/CoreText
0x000000000c91d000 	/System/Library/Frameworks/ImageIO.framework/Versions/A/ImageIO
0x000000000c91d000 	/usr/lib/libextension.dylib
0x000000000c91d000 	/System/Library/PrivateFrameworks/Backup.framework/Versions/A/Backup
0x000000000c91d000 	/usr/lib/libarchive.2.dylib
0x000000000c91d000 	/System/Library/Frameworks/CFNetwork.framework/Versions/A/CFNetwork
0x000000000c91d000 	/System/Library/Frameworks/SystemConfiguration.framework/Versions/A/SystemConfiguration
0x000000000c91d000 	/usr/lib/libCRFSuite.dylib
0x000000000c91d000 	/usr/lib/libc++.1.dylib
0x000000000c91d000 	/usr/lib/libc++abi.dylib
0x000000000c91d000 	/usr/lib/system/libcache.dylib
0x000000000c91d000 	/usr/lib/system/libcommonCrypto.dylib
0x000000000c91d000 	/usr/lib/system/libcompiler_rt.dylib
0x000000000c91d000 	/usr/lib/system/libcopyfile.dylib
0x000000000c91d000 	/usr/lib/system/libcorecrypto.dylib
0x000000000c91d000 	/usr/lib/system/libdispatch.dylib
0x000000000c91d000 	/usr/lib/system/libdyld.dylib
0x000000000c91d000 	/usr/lib/system/libkeymgr.dylib
0x000000000c91d000 	/usr/lib/system/liblaunch.dylib
0x000000000c91d000 	/usr/lib/system/libmacho.dylib
0x000000000c91d000 	/usr/lib/system/libquarantine.dylib
0x000000000c91d000 	/usr/lib/system/libremovefile.dylib
0x000000000c91d000 	/usr/lib/system/libsystem_asl.dylib
0x000000000c91d000 	/usr/lib/system/libsystem_blocks.dylib
0x000000000c91d000 	/usr/lib/system/libsystem_c.dylib
0x000000000c91d000 	/usr/lib/system/libsystem_configuration.dylib
0x000000000c91d000 	/usr/lib/system/libsystem_coreservices.dylib
0x000000000c91d000 	/usr/lib/system/libsystem_coretls.dylib
0x000000000c91d000 	/usr/lib/system/libsystem_dnssd.dylib
0x000000000c91d000 	/usr/lib/system/libsystem_info.dylib
0x000000000c91d000 	/usr/lib/system/libsystem_kernel.dylib
0x000000000c91d000 	/usr/lib/system/libsystem_m.dylib
0x000000000c91d000 	/usr/lib/system/libsystem_malloc.dylib
0x000000000c91d000 	/usr/lib/system/libsystem_network.dylib
0x000000000c91d000 	/usr/lib/system/libsystem_networkextension.dylib
0x000000000c91d000 	/usr/lib/system/libsystem_notify.dylib
0x000000000c91d000 	/usr/lib/system/libsystem_platform.dylib
0x000000000c91d000 	/usr/lib/system/libsystem_pthread.dylib
0x000000000c91d000 	/usr/lib/system/libsystem_sandbox.dylib
0x000000000c91d000 	/usr/lib/system/libsystem_secinit.dylib
0x000000000c91d000 	/usr/lib/system/libsystem_stats.dylib
0x000000000c91d000 	/usr/lib/system/libsystem_trace.dylib
0x000000000c91d000 	/usr/lib/system/libunc.dylib
0x000000000c91d000 	/usr/lib/system/libunwind.dylib
0x000000000c91d000 	/usr/lib/system/libxpc.dylib
0x000000000c91d000 	/usr/lib/libbz2.1.0.dylib
0x000000000c91d000 	/usr/lib/liblzma.5.dylib
0x000000000c91d000 	/usr/lib/libbsm.0.dylib
0x000000000c91d000 	/usr/lib/libsqlite3.dylib
0x000000000c91d000 	/usr/lib/system/libkxld.dylib
0x000000000c91d000 	/usr/lib/libxar.1.dylib
0x000000000c91d000 	/usr/lib/libpam.2.dylib
0x000000000c91d000 	/usr/lib/libOpenScriptingUtil.dylib
0x000000000c91d000 	/System/Library/Frameworks/CoreServices.framework/Versions/A/Frameworks/FSEvents.framework/Versions/A/FSEvents
0x000000000c91d000 	/System/Library/Frameworks/CoreServices.framework/Versions/A/Frameworks/CarbonCore.framework/Versions/A/CarbonCore
0x000000000c91d000 	/System/Library/Frameworks/CoreServices.framework/Versions/A/Frameworks/Metadata.framework/Versions/A/Metadata
0x000000000c91d000 	/System/Library/Frameworks/CoreServices.framework/Versions/A/Frameworks/OSServices.framework/Versions/A/OSServices
0x000000000c91d000 	/System/Library/Frameworks/CoreServices.framework/Versions/A/Frameworks/SearchKit.framework/Versions/A/SearchKit
0x000000000c91d000 	/System/Library/Frameworks/CoreServices.framework/Versions/A/Frameworks/AE.framework/Versions/A/AE
0x000000000c91d000 	/System/Library/Frameworks/CoreServices.framework/Versions/A/Frameworks/LaunchServices.framework/Versions/A/LaunchServices
0x000000000c91d000 	/System/Library/Frameworks/CoreServices.framework/Versions/A/Frameworks/DictionaryServices.framework/Versions/A/DictionaryServices
0x000000000c91d000 	/System/Library/Frameworks/NetFS.framework/Versions/A/NetFS
0x000000000c91d000 	/System/Library/PrivateFrameworks/NetAuth.framework/Versions/A/NetAuth
0x000000000c91d000 	/System/Library/PrivateFrameworks/login.framework/Versions/A/Frameworks/loginsupport.framework/Versions/A/loginsupport
0x000000000c91d000 	/System/Library/PrivateFrameworks/TCC.framework/Versions/A/TCC
0x000000000c91d000 	/usr/lib/libmecabra.dylib
0x000000000c91d000 	/System/Library/PrivateFrameworks/LanguageModeling.framework/Versions/A/LanguageModeling
0x000000000c91d000 	/usr/lib/libcmph.dylib
0x000000000c91d000 	/usr/lib/libiconv.2.dylib
0x000000000c91d000 	/System/Library/Frameworks/OpenDirectory.framework/Versions/A/Frameworks/CFOpenDirectory.framework/Versions/A/CFOpenDirectory
0x000000000c91d000 	/System/Library/Frameworks/ServiceManagement.framework/Versions/A/ServiceManagement
0x000000000c91d000 	/usr/lib/libxslt.1.dylib
0x000000000c91d000 	/System/Library/Frameworks/Carbon.framework/Versions/A/Frameworks/Ink.framework/Versions/A/Ink
0x000000000c91d000 	/System/Library/Frameworks/ApplicationServices.framework/Versions/A/Frameworks/ATS.framework/Versions/A/ATS
0x000000000c91d000 	/System/Library/Frameworks/ApplicationServices.framework/Versions/A/Frameworks/ColorSync.framework/Versions/A/ColorSync
0x000000000c91d000 	/System/Library/Frameworks/ApplicationServices.framework/Versions/A/Frameworks/HIServices.framework/Versions/A/HIServices
0x000000000c91d000 	/System/Library/Frameworks/ApplicationServices.framework/Versions/A/Frameworks/LangAnalysis.framework/Versions/A/LangAnalysis
0x000000000c91d000 	/System/Library/Frameworks/ApplicationServices.framework/Versions/A/Frameworks/PrintCore.framework/Versions/A/PrintCore
0x000000000c91d000 	/System/Library/Frameworks/ApplicationServices.framework/Versions/A/Frameworks/QD.framework/Versions/A/QD
0x000000000c91d000 	/System/Library/Frameworks/ApplicationServices.framework/Versions/A/Frameworks/SpeechSynthesis.framework/Versions/A/SpeechSynthesis
0x000000000c91d000 	/System/Library/Frameworks/Accelerate.framework/Versions/A/Accelerate
0x000000000c91d000 	/System/Library/Frameworks/Accelerate.framework/Versions/A/Frameworks/vImage.framework/Versions/A/vImage
0x000000000c91d000 	/System/Library/Frameworks/Accelerate.framework/Versions/A/Frameworks/vecLib.framework/Versions/A/vecLib
0x000000000c91d000 	/System/Library/Frameworks/Accelerate.framework/Versions/A/Frameworks/vecLib.framework/Versions/A/libvDSP.dylib
0x000000000c91d000 	/System/Library/Frameworks/Accelerate.framework/Versions/A/Frameworks/vecLib.framework/Versions/A/libvMisc.dylib
0x000000000c91d000 	/System/Library/Frameworks/Accelerate.framework/Versions/A/Frameworks/vecLib.framework/Versions/A/libLAPACK.dylib
0x000000000c91d000 	/System/Library/Frameworks/Accelerate.framework/Versions/A/Frameworks/vecLib.framework/Versions/A/libBLAS.dylib
0x000000000c91d000 	/System/Library/Frameworks/Accelerate.framework/Versions/A/Frameworks/vecLib.framework/Versions/A/libLinearAlgebra.dylib
0x000000000c91d000 	/System/Library/Frameworks/ApplicationServices.framework/Versions/A/Frameworks/ATS.framework/Versions/A/Resources/libFontParser.dylib
0x000000000c91d000 	/System/Library/Frameworks/ApplicationServices.framework/Versions/A/Frameworks/ATS.framework/Versions/A/Resources/libFontRegistry.dylib
0x000000000c91d000 	/System/Library/PrivateFrameworks/AppleVPA.framework/Versions/A/AppleVPA
0x000000000c91d000 	/System/Library/PrivateFrameworks/AppleJPEG.framework/Versions/A/AppleJPEG
0x000000000c91d000 	/System/Library/Frameworks/ImageIO.framework/Versions/A/Resources/libJPEG.dylib
0x000000000c91d000 	/System/Library/Frameworks/ImageIO.framework/Versions/A/Resources/libTIFF.dylib
0x000000000c91d000 	/System/Library/Frameworks/ImageIO.framework/Versions/A/Resources/libPng.dylib
0x000000000c91d000 	/System/Library/Frameworks/ImageIO.framework/Versions/A/Resources/libGIF.dylib
0x000000000c91d000 	/System/Library/Frameworks/ImageIO.framework/Versions/A/Resources/libJP2.dylib
0x000000000c91d000 	/System/Library/Frameworks/ImageIO.framework/Versions/A/Resources/libRadiance.dylib
0x000000000c91d000 	/System/Library/Frameworks/CoreVideo.framework/Versions/A/CoreVideo
0x000000000c91d000 	/System/Library/Frameworks/OpenGL.framework/Versions/A/Libraries/libGLU.dylib
0x000000000c91d000 	/System/Library/Frameworks/OpenGL.framework/Versions/A/Libraries/libGFXShared.dylib
0x000000000c91d000 	/System/Library/Frameworks/OpenGL.framework/Versions/A/Libraries/libGL.dylib
0x000000000c91d000 	/System/Library/Frameworks/OpenGL.framework/Versions/A/Libraries/libGLImage.dylib
0x000000000c91d000 	/System/Library/Frameworks/OpenGL.framework/Versions/A/Libraries/libCVMSPluginSupport.dylib
0x000000000c91d000 	/System/Library/Frameworks/OpenGL.framework/Versions/A/Libraries/libCoreVMClient.dylib
0x000000000c91d000 	/usr/lib/libcups.2.dylib
0x000000000c91d000 	/System/Library/Frameworks/Kerberos.framework/Versions/A/Kerberos
0x000000000c91d000 	/System/Library/Frameworks/GSS.framework/Versions/A/GSS
0x000000000c91d000 	/usr/lib/libresolv.9.dylib
0x000000000c91d000 	/System/Library/PrivateFrameworks/Heimdal.framework/Versions/A/Heimdal
0x000000000c91d000 	/usr/lib/libheimdal-asn1.dylib
0x000000000c91d000 	/System/Library/Frameworks/OpenDirectory.framework/Versions/A/OpenDirectory
0x000000000c91d000 	/System/Library/PrivateFrameworks/CommonAuth.framework/Versions/A/CommonAuth
0x000000000c91d000 	/System/Library/Frameworks/SecurityFoundation.framework/Versions/A/SecurityFoundation
0x000000000c91d000 	/System/Library/Frameworks/QuartzCore.framework/Versions/A/Frameworks/CoreImage.framework/Versions/A/CoreImage
0x000000000c91d000 	/System/Library/PrivateFrameworks/CrashReporterSupport.framework/Versions/A/CrashReporterSupport
0x000000000c91d000 	/System/Library/Frameworks/OpenCL.framework/Versions/A/OpenCL
0x000000000c91d000 	/System/Library/PrivateFrameworks/FaceCore.framework/Versions/A/FaceCore
0x000000000c91d000 	/System/Library/PrivateFrameworks/Ubiquity.framework/Versions/A/Ubiquity
0x000000000c91d000 	/System/Library/PrivateFrameworks/IconServices.framework/Versions/A/IconServices
0x000000000c91d000 	/System/Library/PrivateFrameworks/ChunkingLibrary.framework/Versions/A/ChunkingLibrary
0x000000000c91d000 	/System/Library/PrivateFrameworks/Apple80211.framework/Versions/A/Apple80211
0x000000000c91d000 	/System/Library/Frameworks/CoreWLAN.framework/Versions/A/CoreWLAN
0x000000000c91d000 	/System/Library/Frameworks/IOBluetooth.framework/Versions/A/IOBluetooth
0x000000000c91d000 	/System/Library/PrivateFrameworks/CoreWiFi.framework/Versions/A/CoreWiFi
0x000000000c91d000 	/System/Library/Frameworks/CoreBluetooth.framework/Versions/A/CoreBluetooth
0x000000000c91d000 	/System/Library/PrivateFrameworks/DebugSymbols.framework/Versions/A/DebugSymbols
0x000000000c91d000 	/System/Library/PrivateFrameworks/CoreSymbolication.framework/Versions/A/CoreSymbolication
0x000000000c91d000 	/System/Library/PrivateFrameworks/Symbolication.framework/Versions/A/Symbolication
0x000000000c91d000 	/System/Library/PrivateFrameworks/SpeechRecognitionCore.framework/Versions/A/SpeechRecognitionCore
0x00000001044f8000 	/Library/Java/JavaVirtualMachines/jdk1.8.0_25.jdk/Contents/Home/jre/lib/server/libjvm.dylib
0x000000000c91d000 	/usr/lib/libstdc++.6.dylib
0x0000000105517000 	/Library/Java/JavaVirtualMachines/jdk1.8.0_25.jdk/Contents/Home/jre/lib/libverify.dylib
0x0000000105525000 	/Library/Java/JavaVirtualMachines/jdk1.8.0_25.jdk/Contents/Home/jre/lib/libjava.dylib
0x0000000105563000 	/Library/Java/JavaVirtualMachines/jdk1.8.0_25.jdk/Contents/Home/jre/lib/libzip.dylib
0x0000000199a9b000 	/System/Library/Frameworks/JavaVM.framework/Frameworks/JavaRuntimeSupport.framework/JavaRuntimeSupport
0x0000000199ab3000 	/System/Library/Frameworks/JavaVM.framework/Versions/A/Frameworks/JavaNativeFoundation.framework/Versions/A/JavaNativeFoundation
0x0000000199ac8000 	/System/Library/Frameworks/JavaVM.framework/Versions/A/JavaVM
0x000000000c91d000 	/System/Library/Frameworks/Carbon.framework/Versions/A/Carbon
0x0000000199ad5000 	/System/Library/PrivateFrameworks/JavaLaunching.framework/Versions/A/JavaLaunching
0x000000000c91d000 	/System/Library/Frameworks/Carbon.framework/Versions/A/Frameworks/CommonPanels.framework/Versions/A/CommonPanels
0x000000000c91d000 	/System/Library/Frameworks/Carbon.framework/Versions/A/Frameworks/Help.framework/Versions/A/Help
0x000000000c91d000 	/System/Library/Frameworks/Carbon.framework/Versions/A/Frameworks/ImageCapture.framework/Versions/A/ImageCapture
0x000000000c91d000 	/System/Library/Frameworks/Carbon.framework/Versions/A/Frameworks/OpenScripting.framework/Versions/A/OpenScripting
0x000000000c91d000 	/System/Library/Frameworks/Carbon.framework/Versions/A/Frameworks/Print.framework/Versions/A/Print
0x000000000c91d000 	/System/Library/Frameworks/Carbon.framework/Versions/A/Frameworks/SecurityHI.framework/Versions/A/SecurityHI

VM Arguments:
jvm_args: -Xmx1024M 
java_command: com.android.multidex.ClassReferenceListBuilder /Users/david/Documents/Development/source/sashimi/app/build/intermediates/multi-dex/debug/componentClasses.jar /Users/david/Documents/Development/source/sashimi/app/build/intermediates/multi-dex/debug/allclasses.jar
java_class_path (initial): /Users/david/Documents/Development/android-sdk-macosx/build-tools/21.1.0/lib/dx.jar
Launcher Type: SUN_STANDARD

Environment Variables:
PATH=/Users/david/.rvm/gems/ruby-2.1.2/bin:/Users/david/.rvm/gems/ruby-2.1.2@global/bin:/Users/david/.rvm/rubies/ruby-2.1.2/bin:/Users/david/.rbenv/shims:/usr/local/bin:/usr/bin:/bin:/usr/sbin:/sbin:/Documents/Development/android-sdk-macosx:/Users/david/.rvm/bin
SHELL=/bin/zsh

Signal Handlers:
SIGSEGV: [libjvm.dylib+0x579dc7], sa_mask[0]=11111111011111110111111111111111, sa_flags=SA_ONSTACK|SA_RESTART|SA_SIGINFO
SIGBUS: [libjvm.dylib+0x579dc7], sa_mask[0]=11111111011111110111111111111111, sa_flags=SA_RESTART|SA_SIGINFO
SIGFPE: [libjvm.dylib+0x45b030], sa_mask[0]=11111111011111110111111111111111, sa_flags=SA_RESTART|SA_SIGINFO
SIGPIPE: [libjvm.dylib+0x45b030], sa_mask[0]=11111111011111110111111111111111, sa_flags=SA_RESTART|SA_SIGINFO
SIGXFSZ: [libjvm.dylib+0x45b030], sa_mask[0]=11111111011111110111111111111111, sa_flags=SA_RESTART|SA_SIGINFO
SIGILL: [libjvm.dylib+0x45b030], sa_mask[0]=11111111011111110111111111111111, sa_flags=SA_RESTART|SA_SIGINFO
SIGUSR1: SIG_DFL, sa_mask[0]=00000000000000000000000000000000, sa_flags=SA_RESTART
SIGUSR2: [libjvm.dylib+0x45ab4e], sa_mask[0]=00100000000000000000000000000000, sa_flags=SA_RESTART|SA_SIGINFO
SIGHUP: [libjvm.dylib+0x459121], sa_mask[0]=11111111011111110111111111111111, sa_flags=SA_RESTART|SA_SIGINFO
SIGINT: [libjvm.dylib+0x459121], sa_mask[0]=11111111011111110111111111111111, sa_flags=SA_RESTART|SA_SIGINFO
SIGTERM: [libjvm.dylib+0x459121], sa_mask[0]=11111111011111110111111111111111, sa_flags=SA_RESTART|SA_SIGINFO
SIGQUIT: [libjvm.dylib+0x459121], sa_mask[0]=11111111011111110111111111111111, sa_flags=SA_RESTART|SA_SIGINFO


---------------  S Y S T E M  ---------------

OS:Bsduname:Darwin 14.0.0 Darwin Kernel Version 14.0.0: Sat Sep 27 03:58:47 PDT 2014; root:xnu-2782.1.97~11/RELEASE_X86_64 x86_64
rlimit: STACK 8192k, CORE 0k, NPROC 709, NOFILE 10240, AS infinity
load average:10.49 6.52 4.12

CPU:total 4 (2 cores per cpu, 2 threads per core) family 6 model 69 stepping 1, cmov, cx8, fxsr, mmx, sse, sse2, sse3, ssse3, sse4.1, sse4.2, popcnt, avx, avx2, aes, clmul, erms, lzcnt, ht, tsc, tscinvbit, bmi1, bmi2

Memory: 4k page, physical 16777216k(776992k free)

/proc/meminfo:


vm_info: Java HotSpot(TM) 64-Bit Server VM (25.25-b02) for bsd-amd64 JRE (1.8.0_25-b17), built on Sep 17 2014 16:56:50 by "java_re" with gcc 4.2.1 (Based on Apple Inc. build 5658) (LLVM build 2336.11.00)

time: Mon Mar 30 19:19:26 2015
elapsed time: 0 seconds (0d 0h 0m 0s)

